<?xml version="1.0" encoding="UTF-8"?>
<!-- Generated by org.testng.reporters.JUnitXMLReporter -->
<testsuite ignored="0" hostname="LTIN279204" failures="0" tests="15" name="Default test" time="32.23" errors="0" timestamp="2024-02-07T00:39:10 EST">
  <testcase classname="WorldClockcass.worldclock" name="Test_WorldClock_Title" time="0.406"/>
  <testcase classname="WorldClockcass.worldclock" name="BangaloreWatch_Title" time="0.205"/>
  <testcase classname="WorldClockcass.worldclock" name="Bangalore_Time" time="0.195"/>
  <testcase classname="WorldClockcass.worldclock" name="Bangalore_Date" time="0.123"/>
  <testcase classname="WorldClockcass.worldclock" name="LondonWatch_Tittle" time="0.064"/>
  <testcase classname="WorldClockcass.worldclock" name="London_Time" time="0.116"/>
  <testcase classname="WorldClockcass.worldclock" name="London_Date" time="0.111"/>
  <testcase classname="WorldClockcass.worldclock" name="London_Timegap" time="0.114"/>
  <testcase classname="WorldClockcass.worldclock" name="NY_Watchtittle" time="0.058"/>
  <testcase classname="WorldClockcass.worldclock" name="NY_Time" time="0.11"/>
  <testcase classname="WorldClockcass.worldclock" name="NY_Date" time="0.105"/>
  <testcase classname="WorldClockcass.worldclock" name="NY_Timegap" time="0.121"/>
  <testcase classname="WorldClockcass.worldclock" name="Viewapps" time="7.579"/>
  <testcase classname="WorldClockcass.worldclock" name="Appsalphabet" time="2.459"/>
  <testcase classname="WorldClockcass.worldclock" name="Randomalphabet" time="0.351"/>
</testsuite> <!-- Default test -->
