<?xml version="1.0" encoding="UTF-8"?>
<testng-results ignored="0" total="16" passed="16" failed="0" skipped="0">
  <reporter-output>
  </reporter-output>
  <suite started-at="2024-02-07T16:38:34 IST" name="Default suite" finished-at="2024-02-07T16:39:08 IST" duration-ms="34045">
    <groups>
    </groups>
    <test started-at="2024-02-07T16:38:34 IST" name="Default test" finished-at="2024-02-07T16:39:08 IST" duration-ms="34045">
      <class name="WorldClockcass.worldclock">
        <test-method is-config="true" signature="openpage()[pri:0, instance:WorldClockcass.worldclock@28701274]" started-at="2024-02-07T16:38:35 IST" name="openpage" finished-at="2024-02-07T16:38:54 IST" duration-ms="18929" status="PASS">
          <reporter-output>
          </reporter-output>
        </test-method> <!-- openpage -->
        <test-method signature="Test_WorldClock_Title()[pri:1, instance:WorldClockcass.worldclock@28701274]" started-at="2024-02-07T16:38:54 IST" name="Test_WorldClock_Title" finished-at="2024-02-07T16:38:55 IST" duration-ms="601" status="PASS">
          <reporter-output>
          </reporter-output>
        </test-method> <!-- Test_WorldClock_Title -->
        <test-method signature="BangaloreWatch_Title()[pri:2, instance:WorldClockcass.worldclock@28701274]" started-at="2024-02-07T16:38:55 IST" name="BangaloreWatch_Title" finished-at="2024-02-07T16:38:55 IST" duration-ms="155" status="PASS">
          <reporter-output>
          </reporter-output>
        </test-method> <!-- BangaloreWatch_Title -->
        <test-method signature="Bangalore_Time()[pri:3, instance:WorldClockcass.worldclock@28701274]" started-at="2024-02-07T16:38:55 IST" name="Bangalore_Time" finished-at="2024-02-07T16:38:55 IST" duration-ms="77" status="PASS">
          <reporter-output>
          </reporter-output>
        </test-method> <!-- Bangalore_Time -->
        <test-method signature="Bangalore_Date()[pri:4, instance:WorldClockcass.worldclock@28701274]" started-at="2024-02-07T16:38:55 IST" name="Bangalore_Date" finished-at="2024-02-07T16:38:55 IST" duration-ms="119" status="PASS">
          <reporter-output>
          </reporter-output>
        </test-method> <!-- Bangalore_Date -->
        <test-method signature="LondonWatch_Tittle()[pri:5, instance:WorldClockcass.worldclock@28701274]" started-at="2024-02-07T16:38:55 IST" name="LondonWatch_Tittle" finished-at="2024-02-07T16:38:55 IST" duration-ms="67" status="PASS">
          <reporter-output>
          </reporter-output>
        </test-method> <!-- LondonWatch_Tittle -->
        <test-method signature="London_Time()[pri:6, instance:WorldClockcass.worldclock@28701274]" started-at="2024-02-07T16:38:55 IST" name="London_Time" finished-at="2024-02-07T16:38:55 IST" duration-ms="126" status="PASS">
          <reporter-output>
          </reporter-output>
        </test-method> <!-- London_Time -->
        <test-method signature="London_Date()[pri:7, instance:WorldClockcass.worldclock@28701274]" started-at="2024-02-07T16:38:55 IST" name="London_Date" finished-at="2024-02-07T16:38:55 IST" duration-ms="103" status="PASS">
          <reporter-output>
          </reporter-output>
        </test-method> <!-- London_Date -->
        <test-method signature="London_Timegap()[pri:8, instance:WorldClockcass.worldclock@28701274]" started-at="2024-02-07T16:38:55 IST" name="London_Timegap" finished-at="2024-02-07T16:38:56 IST" duration-ms="101" status="PASS">
          <reporter-output>
          </reporter-output>
        </test-method> <!-- London_Timegap -->
        <test-method signature="NY_Watchtittle()[pri:9, instance:WorldClockcass.worldclock@28701274]" started-at="2024-02-07T16:38:56 IST" name="NY_Watchtittle" finished-at="2024-02-07T16:38:56 IST" duration-ms="50" status="PASS">
          <reporter-output>
          </reporter-output>
        </test-method> <!-- NY_Watchtittle -->
        <test-method signature="NY_Time()[pri:10, instance:WorldClockcass.worldclock@28701274]" started-at="2024-02-07T16:38:56 IST" name="NY_Time" finished-at="2024-02-07T16:38:56 IST" duration-ms="99" status="PASS">
          <reporter-output>
          </reporter-output>
        </test-method> <!-- NY_Time -->
        <test-method signature="NY_Date()[pri:11, instance:WorldClockcass.worldclock@28701274]" started-at="2024-02-07T16:38:56 IST" name="NY_Date" finished-at="2024-02-07T16:38:56 IST" duration-ms="155" status="PASS">
          <reporter-output>
          </reporter-output>
        </test-method> <!-- NY_Date -->
        <test-method signature="NY_Timegap()[pri:12, instance:WorldClockcass.worldclock@28701274]" started-at="2024-02-07T16:38:56 IST" name="NY_Timegap" finished-at="2024-02-07T16:38:56 IST" duration-ms="152" status="PASS">
          <reporter-output>
          </reporter-output>
        </test-method> <!-- NY_Timegap -->
        <test-method signature="Viewapps()[pri:13, instance:WorldClockcass.worldclock@28701274]" started-at="2024-02-07T16:38:56 IST" name="Viewapps" finished-at="2024-02-07T16:39:03 IST" duration-ms="7220" status="PASS">
          <reporter-output>
          </reporter-output>
        </test-method> <!-- Viewapps -->
        <test-method signature="Appsalphabet()[pri:14, instance:WorldClockcass.worldclock@28701274]" started-at="2024-02-07T16:39:03 IST" name="Appsalphabet" finished-at="2024-02-07T16:39:06 IST" duration-ms="2886" status="PASS">
          <reporter-output>
          </reporter-output>
        </test-method> <!-- Appsalphabet -->
        <test-method signature="Randomalphabet()[pri:15, instance:WorldClockcass.worldclock@28701274]" started-at="2024-02-07T16:39:06 IST" name="Randomalphabet" finished-at="2024-02-07T16:39:07 IST" duration-ms="618" status="PASS">
          <reporter-output>
          </reporter-output>
        </test-method> <!-- Randomalphabet -->
        <test-method signature="WriteData()[pri:16, instance:WorldClockcass.worldclock@28701274]" started-at="2024-02-07T16:39:07 IST" name="WriteData" finished-at="2024-02-07T16:39:07 IST" duration-ms="14" status="PASS">
          <reporter-output>
          </reporter-output>
        </test-method> <!-- WriteData -->
        <test-method is-config="true" signature="close()[pri:0, instance:WorldClockcass.worldclock@28701274]" started-at="2024-02-07T16:39:07 IST" name="close" finished-at="2024-02-07T16:39:08 IST" duration-ms="1381" status="PASS">
          <reporter-output>
          </reporter-output>
        </test-method> <!-- close -->
      </class> <!-- WorldClockcass.worldclock -->
    </test> <!-- Default test -->
  </suite> <!-- Default suite -->
</testng-results>
